<?xml version="1.0" encoding="UTF-8"?>
<!-- Generated by org.testng.reporters.JUnitReportReporter -->
<testsuite hostname="Admin-PC" failures="0" tests="1" name="Practice.WebTables" time="49.970" errors="0" timestamp="2024-01-20T18:57:50 IST" skipped="0">
  <testcase classname="Practice.WebTables" name="checkbox" time="49.970"/>
</testsuite> <!-- Practice.WebTables -->
