<?xml version="1.0" encoding="UTF-8"?>
<!-- Generated by org.testng.reporters.JUnitReportReporter -->
<testsuite hostname="Admin-PC" failures="0" tests="1" name="ContactTest.CreateContctwithLeadsourceTest" time="62.807" errors="0" timestamp="2024-01-03T11:09:50 IST" skipped="0">
  <testcase classname="ContactTest.CreateContctwithLeadsourceTest" name="CreatecontactwithLeadsource" time="62.807"/>
  <system-out/>
</testsuite> <!-- ContactTest.CreateContctwithLeadsourceTest -->
