<?xml version="1.0" encoding="UTF-8"?>
<!-- Generated by org.testng.reporters.JUnitReportReporter -->
<testsuite hostname="Admin-PC" failures="0" tests="1" name="Practice.ReadDatafromCMDLine" time="0.014" errors="0" timestamp="2024-01-19T16:05:47 IST" skipped="0">
  <testcase classname="Practice.ReadDatafromCMDLine" name="read" time="0.014"/>
</testsuite> <!-- Practice.ReadDatafromCMDLine -->
