<?xml version="1.0" encoding="UTF-8"?>
<!-- Generated by org.testng.reporters.JUnitReportReporter -->
<testsuite hostname="Admin-PC" failures="0" tests="1" name="ContactTest.CreateContactwithMandatoryTest" time="95.115" errors="0" timestamp="2024-01-03T11:07:03 IST" skipped="0">
  <testcase classname="ContactTest.CreateContactwithMandatoryTest" name="CreatecontactwithMandatory" time="95.115"/>
  <system-out/>
</testsuite> <!-- ContactTest.CreateContactwithMandatoryTest -->
