<?xml version="1.0" encoding="UTF-8"?>
<!-- Generated by org.testng.reporters.JUnitReportReporter -->
<testsuite hostname="Admin-PC" failures="0" tests="1" name="Practice.WebTable1" time="11.632" errors="0" timestamp="2024-01-20T21:31:33 IST" skipped="0">
  <testcase classname="Practice.WebTable1" name="checkbox" time="11.632"/>
</testsuite> <!-- Practice.WebTable1 -->
